d:\route\videoroute\videoroute\x64\debug\vc120.pdb
d:\route\videoroute\videoroute\x64\debug\videoroute.obj
d:\route\videoroute\videoroute\x64\debug\main.obj
d:\route\videoroute\videoroute\x64\debug\moc_videoroute.obj
d:\route\videoroute\videoroute\x64\debug\qrc_videoroute.obj
d:\route\videoroute\videoroute\generatedfiles\ui_videoroute.h
d:\route\videoroute\videoroute\generatedfiles\qrc_videoroute.cpp
d:\route\videoroute\videoroute\generatedfiles\debug\moc_videoroute.cpp
d:\route\videoroute\x64\debug\videoroute.ilk
d:\route\videoroute\x64\debug\videoroute.exe
d:\route\videoroute\x64\debug\videoroute.pdb
d:\route\videoroute\videoroute\x64\debug\videoroute.tlog\cl.command.1.tlog
d:\route\videoroute\videoroute\x64\debug\videoroute.tlog\cl.read.1.tlog
d:\route\videoroute\videoroute\x64\debug\videoroute.tlog\cl.write.1.tlog
d:\route\videoroute\videoroute\x64\debug\videoroute.tlog\custombuild.command.1.tlog
d:\route\videoroute\videoroute\x64\debug\videoroute.tlog\custombuild.read.1.tlog
d:\route\videoroute\videoroute\x64\debug\videoroute.tlog\custombuild.write.1.tlog
d:\route\videoroute\videoroute\x64\debug\videoroute.tlog\link.command.1.tlog
d:\route\videoroute\videoroute\x64\debug\videoroute.tlog\link.read.1.tlog
d:\route\videoroute\videoroute\x64\debug\videoroute.tlog\link.write.1.tlog
